[[1;34mINFO[m] Scanning for projects...
[[1;34mINFO[m] 
[[1;34mINFO[m] [1m-----------------------< [0;36mpetclinic:pageobjects[0;1m >------------------------[m
[[1;34mINFO[m] [1mBuilding pageobjects 1.0-SNAPSHOT[m
[[1;34mINFO[m] [1m--------------------------------[ jar ]---------------------------------[m
[[1;34mINFO[m] 
[[1;34mINFO[m] [1m--- [0;32mmaven-clean-plugin:2.5:clean[m [1m(default-clean)[m @ [36mpageobjects[0;1m ---[m
[[1;34mINFO[m] Deleting /home/ubuntu/workspace/fse2019/petclinic/target
[[1;34mINFO[m] 
[[1;34mINFO[m] [1m--- [0;32mmaven-resources-plugin:2.6:resources[m [1m(default-resources)[m @ [36mpageobjects[0;1m ---[m
[[1;33mWARNING[m] Using platform encoding (UTF-8 actually) to copy filtered resources, i.e. build is platform dependent!
[[1;34mINFO[m] Copying 1 resource
[[1;34mINFO[m] 
[[1;34mINFO[m] [1m--- [0;32mmaven-compiler-plugin:3.7.0:compile[m [1m(default-compile)[m @ [36mpageobjects[0;1m ---[m
[[1;34mINFO[m] Changes detected - recompiling the module!
[[1;33mWARNING[m] File encoding has not been set, using platform encoding UTF-8, i.e. build is platform dependent!
[[1;34mINFO[m] Compiling 89 source files to /home/ubuntu/workspace/fse2019/petclinic/target/classes
[[1;34mINFO[m] /home/ubuntu/workspace/fse2019/petclinic/src/main/java/po_utils/JavascriptActions.java: /home/ubuntu/workspace/fse2019/petclinic/src/main/java/po_utils/JavascriptActions.java uses unchecked or unsafe operations.
[[1;34mINFO[m] /home/ubuntu/workspace/fse2019/petclinic/src/main/java/po_utils/JavascriptActions.java: Recompile with -Xlint:unchecked for details.
[[1;34mINFO[m] -------------------------------------------------------------
[[1;31mERROR[m] COMPILATION ERROR : 
[[1;34mINFO[m] -------------------------------------------------------------
[[1;31mERROR[m] /home/ubuntu/workspace/fse2019/petclinic/src/main/java/main/ClassUnderTest_ESTest.java:[19,12] cannot find symbol
  symbol:   class ClassUnderTest
  location: package main
[[1;31mERROR[m] /home/ubuntu/workspace/fse2019/petclinic/src/main/java/main/ClassUnderTest_ESTest.java:[51,7] cannot find symbol
  symbol:   class ClassUnderTest
  location: class main.ClassUnderTest_ESTest
[[1;31mERROR[m] /home/ubuntu/workspace/fse2019/petclinic/src/main/java/main/ClassUnderTest_ESTest.java:[51,44] cannot find symbol
  symbol:   class ClassUnderTest
  location: class main.ClassUnderTest_ESTest
[[1;31mERROR[m] /home/ubuntu/workspace/fse2019/petclinic/src/main/java/main/ClassUnderTest_ESTest.java:[126,7] cannot find symbol
  symbol:   class ClassUnderTest
  location: class main.ClassUnderTest_ESTest
[[1;31mERROR[m] /home/ubuntu/workspace/fse2019/petclinic/src/main/java/main/ClassUnderTest_ESTest.java:[126,44] cannot find symbol
  symbol:   class ClassUnderTest
  location: class main.ClassUnderTest_ESTest
[[1;31mERROR[m] /home/ubuntu/workspace/fse2019/petclinic/src/main/java/main/ClassUnderTest_ESTest.java:[200,7] cannot find symbol
  symbol:   class ClassUnderTest
  location: class main.ClassUnderTest_ESTest
[[1;31mERROR[m] /home/ubuntu/workspace/fse2019/petclinic/src/main/java/main/ClassUnderTest_ESTest.java:[200,44] cannot find symbol
  symbol:   class ClassUnderTest
  location: class main.ClassUnderTest_ESTest
[[1;31mERROR[m] /home/ubuntu/workspace/fse2019/petclinic/src/main/java/main/ClassUnderTest_ESTest.java:[266,7] cannot find symbol
  symbol:   class ClassUnderTest
  location: class main.ClassUnderTest_ESTest
[[1;31mERROR[m] /home/ubuntu/workspace/fse2019/petclinic/src/main/java/main/ClassUnderTest_ESTest.java:[266,44] cannot find symbol
  symbol:   class ClassUnderTest
  location: class main.ClassUnderTest_ESTest
[[1;31mERROR[m] /home/ubuntu/workspace/fse2019/petclinic/src/main/java/main/ClassUnderTest_ESTest.java:[327,7] cannot find symbol
  symbol:   class ClassUnderTest
  location: class main.ClassUnderTest_ESTest
[[1;31mERROR[m] /home/ubuntu/workspace/fse2019/petclinic/src/main/java/main/ClassUnderTest_ESTest.java:[327,44] cannot find symbol
  symbol:   class ClassUnderTest
  location: class main.ClassUnderTest_ESTest
[[1;31mERROR[m] /home/ubuntu/workspace/fse2019/petclinic/src/main/java/main/ClassUnderTest_ESTest.java:[399,7] cannot find symbol
  symbol:   class ClassUnderTest
  location: class main.ClassUnderTest_ESTest
[[1;31mERROR[m] /home/ubuntu/workspace/fse2019/petclinic/src/main/java/main/ClassUnderTest_ESTest.java:[399,44] cannot find symbol
  symbol:   class ClassUnderTest
  location: class main.ClassUnderTest_ESTest
[[1;31mERROR[m] /home/ubuntu/workspace/fse2019/petclinic/src/main/java/main/ClassUnderTest_ESTest.java:[471,7] cannot find symbol
  symbol:   class ClassUnderTest
  location: class main.ClassUnderTest_ESTest
[[1;31mERROR[m] /home/ubuntu/workspace/fse2019/petclinic/src/main/java/main/ClassUnderTest_ESTest.java:[471,44] cannot find symbol
  symbol:   class ClassUnderTest
  location: class main.ClassUnderTest_ESTest
[[1;31mERROR[m] /home/ubuntu/workspace/fse2019/petclinic/src/main/java/main/ClassUnderTest_ESTest.java:[543,7] cannot find symbol
  symbol:   class ClassUnderTest
  location: class main.ClassUnderTest_ESTest
[[1;31mERROR[m] /home/ubuntu/workspace/fse2019/petclinic/src/main/java/main/ClassUnderTest_ESTest.java:[543,44] cannot find symbol
  symbol:   class ClassUnderTest
  location: class main.ClassUnderTest_ESTest
[[1;34mINFO[m] 17 errors 
[[1;34mINFO[m] -------------------------------------------------------------
[[1;34mINFO[m] [1m------------------------------------------------------------------------[m
[[1;34mINFO[m] [1;31mBUILD FAILURE[m
[[1;34mINFO[m] [1m------------------------------------------------------------------------[m
[[1;34mINFO[m] Total time:  2.354 s
[[1;34mINFO[m] Finished at: 2020-05-07T18:17:00Z
[[1;34mINFO[m] [1m------------------------------------------------------------------------[m
[[1;31mERROR[m] Failed to execute goal [32morg.apache.maven.plugins:maven-compiler-plugin:3.7.0:compile[m [1m(default-compile)[m on project [36mpageobjects[m: [1;31mCompilation failure[m: Compilation failure: 
[[1;31mERROR[m] /home/ubuntu/workspace/fse2019/petclinic/src/main/java/main/ClassUnderTest_ESTest.java:[19,12] cannot find symbol
[[1;31mERROR[m]   symbol:   class ClassUnderTest
[[1;31mERROR[m]   location: package main
[[1;31mERROR[m] /home/ubuntu/workspace/fse2019/petclinic/src/main/java/main/ClassUnderTest_ESTest.java:[51,7] cannot find symbol
[[1;31mERROR[m]   symbol:   class ClassUnderTest
[[1;31mERROR[m]   location: class main.ClassUnderTest_ESTest
[[1;31mERROR[m] /home/ubuntu/workspace/fse2019/petclinic/src/main/java/main/ClassUnderTest_ESTest.java:[51,44] cannot find symbol
[[1;31mERROR[m]   symbol:   class ClassUnderTest
[[1;31mERROR[m]   location: class main.ClassUnderTest_ESTest
[[1;31mERROR[m] /home/ubuntu/workspace/fse2019/petclinic/src/main/java/main/ClassUnderTest_ESTest.java:[126,7] cannot find symbol
[[1;31mERROR[m]   symbol:   class ClassUnderTest
[[1;31mERROR[m]   location: class main.ClassUnderTest_ESTest
[[1;31mERROR[m] /home/ubuntu/workspace/fse2019/petclinic/src/main/java/main/ClassUnderTest_ESTest.java:[126,44] cannot find symbol
[[1;31mERROR[m]   symbol:   class ClassUnderTest
[[1;31mERROR[m]   location: class main.ClassUnderTest_ESTest
[[1;31mERROR[m] /home/ubuntu/workspace/fse2019/petclinic/src/main/java/main/ClassUnderTest_ESTest.java:[200,7] cannot find symbol
[[1;31mERROR[m]   symbol:   class ClassUnderTest
[[1;31mERROR[m]   location: class main.ClassUnderTest_ESTest
[[1;31mERROR[m] /home/ubuntu/workspace/fse2019/petclinic/src/main/java/main/ClassUnderTest_ESTest.java:[200,44] cannot find symbol
[[1;31mERROR[m]   symbol:   class ClassUnderTest
[[1;31mERROR[m]   location: class main.ClassUnderTest_ESTest
[[1;31mERROR[m] /home/ubuntu/workspace/fse2019/petclinic/src/main/java/main/ClassUnderTest_ESTest.java:[266,7] cannot find symbol
[[1;31mERROR[m]   symbol:   class ClassUnderTest
[[1;31mERROR[m]   location: class main.ClassUnderTest_ESTest
[[1;31mERROR[m] /home/ubuntu/workspace/fse2019/petclinic/src/main/java/main/ClassUnderTest_ESTest.java:[266,44] cannot find symbol
[[1;31mERROR[m]   symbol:   class ClassUnderTest
[[1;31mERROR[m]   location: class main.ClassUnderTest_ESTest
[[1;31mERROR[m] /home/ubuntu/workspace/fse2019/petclinic/src/main/java/main/ClassUnderTest_ESTest.java:[327,7] cannot find symbol
[[1;31mERROR[m]   symbol:   class ClassUnderTest
[[1;31mERROR[m]   location: class main.ClassUnderTest_ESTest
[[1;31mERROR[m] /home/ubuntu/workspace/fse2019/petclinic/src/main/java/main/ClassUnderTest_ESTest.java:[327,44] cannot find symbol
[[1;31mERROR[m]   symbol:   class ClassUnderTest
[[1;31mERROR[m]   location: class main.ClassUnderTest_ESTest
[[1;31mERROR[m] /home/ubuntu/workspace/fse2019/petclinic/src/main/java/main/ClassUnderTest_ESTest.java:[399,7] cannot find symbol
[[1;31mERROR[m]   symbol:   class ClassUnderTest
[[1;31mERROR[m]   location: class main.ClassUnderTest_ESTest
[[1;31mERROR[m] /home/ubuntu/workspace/fse2019/petclinic/src/main/java/main/ClassUnderTest_ESTest.java:[399,44] cannot find symbol
[[1;31mERROR[m]   symbol:   class ClassUnderTest
[[1;31mERROR[m]   location: class main.ClassUnderTest_ESTest
[[1;31mERROR[m] /home/ubuntu/workspace/fse2019/petclinic/src/main/java/main/ClassUnderTest_ESTest.java:[471,7] cannot find symbol
[[1;31mERROR[m]   symbol:   class ClassUnderTest
[[1;31mERROR[m]   location: class main.ClassUnderTest_ESTest
[[1;31mERROR[m] /home/ubuntu/workspace/fse2019/petclinic/src/main/java/main/ClassUnderTest_ESTest.java:[471,44] cannot find symbol
[[1;31mERROR[m]   symbol:   class ClassUnderTest
[[1;31mERROR[m]   location: class main.ClassUnderTest_ESTest
[[1;31mERROR[m] /home/ubuntu/workspace/fse2019/petclinic/src/main/java/main/ClassUnderTest_ESTest.java:[543,7] cannot find symbol
[[1;31mERROR[m]   symbol:   class ClassUnderTest
[[1;31mERROR[m]   location: class main.ClassUnderTest_ESTest
[[1;31mERROR[m] /home/ubuntu/workspace/fse2019/petclinic/src/main/java/main/ClassUnderTest_ESTest.java:[543,44] cannot find symbol
[[1;31mERROR[m]   symbol:   class ClassUnderTest
[[1;31mERROR[m]   location: class main.ClassUnderTest_ESTest
[[1;31mERROR[m] -> [1m[Help 1][m
[[1;31mERROR[m] 
[[1;31mERROR[m] To see the full stack trace of the errors, re-run Maven with the [1m-e[m switch.
[[1;31mERROR[m] Re-run Maven using the [1m-X[m switch to enable full debug logging.
[[1;31mERROR[m] 
[[1;31mERROR[m] For more information about the errors and possible solutions, please read the following articles:
[[1;31mERROR[m] [1m[Help 1][m http://cwiki.apache.org/confluence/display/MAVEN/MojoFailureException
