[[1;34mINFO[m] Scanning for projects...
[[1;34mINFO[m] 
[[1;34mINFO[m] [1m------------------------< [0;36mpageobjects:pagekit[0;1m >-------------------------[m
[[1;34mINFO[m] [1mBuilding pagekit 1.0-SNAPSHOT[m
[[1;34mINFO[m] [1m--------------------------------[ jar ]---------------------------------[m
[[1;34mINFO[m] 
[[1;34mINFO[m] [1m--- [0;32mmaven-clean-plugin:2.5:clean[m [1m(default-clean)[m @ [36mpagekit[0;1m ---[m
[[1;34mINFO[m] Deleting /home/ubuntu/workspace/fse2019/pagekit/target
[[1;34mINFO[m] 
[[1;34mINFO[m] [1m--- [0;32mmaven-resources-plugin:2.6:resources[m [1m(default-resources)[m @ [36mpagekit[0;1m ---[m
[[1;33mWARNING[m] Using platform encoding (UTF-8 actually) to copy filtered resources, i.e. build is platform dependent!
[[1;34mINFO[m] Copying 2 resources
[[1;34mINFO[m] 
[[1;34mINFO[m] [1m--- [0;32mmaven-compiler-plugin:3.7.0:compile[m [1m(default-compile)[m @ [36mpagekit[0;1m ---[m
[[1;34mINFO[m] Changes detected - recompiling the module!
[[1;33mWARNING[m] File encoding has not been set, using platform encoding UTF-8, i.e. build is platform dependent!
[[1;34mINFO[m] Compiling 146 source files to /home/ubuntu/workspace/fse2019/pagekit/target/classes
[[1;34mINFO[m] /home/ubuntu/workspace/fse2019/pagekit/src/main/java/po_utils/JavascriptActions.java: /home/ubuntu/workspace/fse2019/pagekit/src/main/java/po_utils/JavascriptActions.java uses unchecked or unsafe operations.
[[1;34mINFO[m] /home/ubuntu/workspace/fse2019/pagekit/src/main/java/po_utils/JavascriptActions.java: Recompile with -Xlint:unchecked for details.
[[1;34mINFO[m] -------------------------------------------------------------
[[1;31mERROR[m] COMPILATION ERROR : 
[[1;34mINFO[m] -------------------------------------------------------------
[[1;31mERROR[m] /home/ubuntu/workspace/fse2019/pagekit/src/main/java/main/ClassUnderTestApogen_ESTest.java:[94,38] cannot find symbol
  symbol:   method goToDashBoardMenuDashboardPage()
  location: variable classUnderTestApogen0 of type main.ClassUnderTestApogen
[[1;31mERROR[m] /home/ubuntu/workspace/fse2019/pagekit/src/main/java/main/ClassUnderTestApogen_ESTest.java:[96,38] cannot find symbol
  symbol:   method goToUsersDashBoardMenuPage()
  location: variable classUnderTestApogen0 of type main.ClassUnderTestApogen
[[1;31mERROR[m] /home/ubuntu/workspace/fse2019/pagekit/src/main/java/main/ClassUnderTestApogen_ESTest.java:[100,38] cannot find symbol
  symbol:   method goToEditUsersPage(custom_classes.Id)
  location: variable classUnderTestApogen0 of type main.ClassUnderTestApogen
[[1;31mERROR[m] /home/ubuntu/workspace/fse2019/pagekit/src/main/java/main/ClassUnderTestApogen_ESTest.java:[102,38] cannot find symbol
  symbol:   method goToUserEditUserPage()
  location: variable classUnderTestApogen0 of type main.ClassUnderTestApogen
[[1;31mERROR[m] /home/ubuntu/workspace/fse2019/pagekit/src/main/java/main/ClassUnderTestApogen_ESTest.java:[104,38] cannot find symbol
  symbol:   method goToEditUsersPage(custom_classes.Id)
  location: variable classUnderTestApogen0 of type main.ClassUnderTestApogen
[[1;31mERROR[m] /home/ubuntu/workspace/fse2019/pagekit/src/main/java/main/ClassUnderTestApogen_ESTest.java:[110,38] cannot find symbol
  symbol:   method user_editEditUserPage(custom_classes.Username,custom_classes.Name,custom_classes.Email,custom_classes.UserPassword)
  location: variable classUnderTestApogen0 of type main.ClassUnderTestApogen
[[1;31mERROR[m] /home/ubuntu/workspace/fse2019/pagekit/src/main/java/main/ClassUnderTestApogen_ESTest.java:[113,38] cannot find symbol
  symbol:   method goToUserEditUserPage()
  location: variable classUnderTestApogen0 of type main.ClassUnderTestApogen
[[1;31mERROR[m] /home/ubuntu/workspace/fse2019/pagekit/src/main/java/main/ClassUnderTestApogen_ESTest.java:[115,38] cannot find symbol
  symbol:   method add_userUsersPage()
  location: variable classUnderTestApogen0 of type main.ClassUnderTestApogen
[[1;31mERROR[m] /home/ubuntu/workspace/fse2019/pagekit/src/main/java/main/ClassUnderTestApogen_ESTest.java:[117,38] cannot find symbol
  symbol:   method goToPermissionsAddUserPage()
  location: variable classUnderTestApogen0 of type main.ClassUnderTestApogen
[[1;31mERROR[m] /home/ubuntu/workspace/fse2019/pagekit/src/main/java/main/ClassUnderTestApogen_ESTest.java:[119,38] cannot find symbol
  symbol:   method goToUsersPermissionsPage()
  location: variable classUnderTestApogen0 of type main.ClassUnderTestApogen
[[1;31mERROR[m] /home/ubuntu/workspace/fse2019/pagekit/src/main/java/main/ClassUnderTestApogen_ESTest.java:[121,38] cannot find symbol
  symbol:   method goToEditUsersPage(custom_classes.Id)
  location: variable classUnderTestApogen0 of type main.ClassUnderTestApogen
[[1;31mERROR[m] /home/ubuntu/workspace/fse2019/pagekit/src/main/java/main/ClassUnderTestApogen_ESTest.java:[123,38] cannot find symbol
  symbol:   method goToUserEditUserPage()
  location: variable classUnderTestApogen0 of type main.ClassUnderTestApogen
[[1;31mERROR[m] /home/ubuntu/workspace/fse2019/pagekit/src/main/java/main/ClassUnderTestApogen_ESTest.java:[125,38] cannot find symbol
  symbol:   method goToPermissionsUsersPage()
  location: variable classUnderTestApogen0 of type main.ClassUnderTestApogen
[[1;31mERROR[m] /home/ubuntu/workspace/fse2019/pagekit/src/main/java/main/ClassUnderTestApogen_ESTest.java:[127,38] cannot find symbol
  symbol:   method goToPermissionsPermissionsPage()
  location: variable classUnderTestApogen0 of type main.ClassUnderTestApogen
[[1;31mERROR[m] /home/ubuntu/workspace/fse2019/pagekit/src/main/java/main/ClassUnderTestApogen_ESTest.java:[129,38] cannot find symbol
  symbol:   method goToPermissionsPermissionsPage()
  location: variable classUnderTestApogen0 of type main.ClassUnderTestApogen
[[1;31mERROR[m] /home/ubuntu/workspace/fse2019/pagekit/src/main/java/main/ClassUnderTestApogen_ESTest.java:[131,38] cannot find symbol
  symbol:   method goToUsersPermissionsPage()
  location: variable classUnderTestApogen0 of type main.ClassUnderTestApogen
[[1;31mERROR[m] /home/ubuntu/workspace/fse2019/pagekit/src/main/java/main/ClassUnderTestApogen_ESTest.java:[133,38] cannot find symbol
  symbol:   method add_userUsersPage()
  location: variable classUnderTestApogen0 of type main.ClassUnderTestApogen
[[1;31mERROR[m] /home/ubuntu/workspace/fse2019/pagekit/src/main/java/main/ClassUnderTestApogen_ESTest.java:[139,38] cannot find symbol
  symbol:   method addUserAddUserPage(custom_classes.Username,custom_classes.Name,custom_classes.Email,custom_classes.UserPassword,custom_classes.UserStatus)
  location: variable classUnderTestApogen0 of type main.ClassUnderTestApogen
[[1;31mERROR[m] /home/ubuntu/workspace/fse2019/pagekit/src/main/java/main/ClassUnderTestApogen_ESTest.java:[145,38] cannot find symbol
  symbol:   method addUserAddUserPage(custom_classes.Username,custom_classes.Name,custom_classes.Email,custom_classes.UserPassword,custom_classes.UserStatus)
  location: variable classUnderTestApogen0 of type main.ClassUnderTestApogen
[[1;31mERROR[m] /home/ubuntu/workspace/fse2019/pagekit/src/main/java/main/ClassUnderTestApogen_ESTest.java:[148,38] cannot find symbol
  symbol:   method goToUserAddUserPage()
  location: variable classUnderTestApogen0 of type main.ClassUnderTestApogen
[[1;31mERROR[m] /home/ubuntu/workspace/fse2019/pagekit/src/main/java/main/ClassUnderTestApogen_ESTest.java:[150,38] cannot find symbol
  symbol:   method goToEditUsersPage(custom_classes.Id)
  location: variable classUnderTestApogen0 of type main.ClassUnderTestApogen
[[1;31mERROR[m] /home/ubuntu/workspace/fse2019/pagekit/src/main/java/main/ClassUnderTestApogen_ESTest.java:[152,38] cannot find symbol
  symbol:   method goToPermissionsEditUserPage()
  location: variable classUnderTestApogen0 of type main.ClassUnderTestApogen
[[1;31mERROR[m] /home/ubuntu/workspace/fse2019/pagekit/src/main/java/main/ClassUnderTestApogen_ESTest.java:[154,38] cannot find symbol
  symbol:   method goToUsersPermissionsPage()
  location: variable classUnderTestApogen0 of type main.ClassUnderTestApogen
[[1;31mERROR[m] /home/ubuntu/workspace/fse2019/pagekit/src/main/java/main/ClassUnderTestApogen_ESTest.java:[156,38] cannot find symbol
  symbol:   method goToPermissionsUsersPage()
  location: variable classUnderTestApogen0 of type main.ClassUnderTestApogen
[[1;31mERROR[m] /home/ubuntu/workspace/fse2019/pagekit/src/main/java/main/ClassUnderTestApogen_ESTest.java:[158,38] cannot find symbol
  symbol:   method goToUsersPermissionsPage()
  location: variable classUnderTestApogen0 of type main.ClassUnderTestApogen
[[1;31mERROR[m] /home/ubuntu/workspace/fse2019/pagekit/src/main/java/main/ClassUnderTestApogen_ESTest.java:[160,38] cannot find symbol
  symbol:   method goToPermissionsUsersPage()
  location: variable classUnderTestApogen0 of type main.ClassUnderTestApogen
[[1;31mERROR[m] /home/ubuntu/workspace/fse2019/pagekit/src/main/java/main/ClassUnderTestApogen_ESTest.java:[162,38] cannot find symbol
  symbol:   method goToAnonymousPermissionsPage()
  location: variable classUnderTestApogen0 of type main.ClassUnderTestApogen
[[1;31mERROR[m] /home/ubuntu/workspace/fse2019/pagekit/src/main/java/main/ClassUnderTestApogen_ESTest.java:[164,38] cannot find symbol
  symbol:   method goToAdministratorAnonymousPage()
  location: variable classUnderTestApogen0 of type main.ClassUnderTestApogen
[[1;31mERROR[m] /home/ubuntu/workspace/fse2019/pagekit/src/main/java/main/ClassUnderTestApogen_ESTest.java:[166,38] cannot find symbol
  symbol:   method goToAdministratorAdministratorPage()
  location: variable classUnderTestApogen0 of type main.ClassUnderTestApogen
[[1;31mERROR[m] /home/ubuntu/workspace/fse2019/pagekit/src/main/java/main/ClassUnderTestApogen_ESTest.java:[168,38] cannot find symbol
  symbol:   method goToAnonymousAdministratorPage()
  location: variable classUnderTestApogen0 of type main.ClassUnderTestApogen
[[1;31mERROR[m] /home/ubuntu/workspace/fse2019/pagekit/src/main/java/main/ClassUnderTestApogen_ESTest.java:[171,38] cannot find symbol
  symbol:   method goToAddRoleAnonymousPage(custom_classes.UserRoles)
  location: variable classUnderTestApogen0 of type main.ClassUnderTestApogen
[[1;31mERROR[m] /home/ubuntu/workspace/fse2019/pagekit/src/main/java/main/ClassUnderTestApogen_ESTest.java:[173,38] cannot find symbol
  symbol:   method addRoleAddRolePage()
  location: variable classUnderTestApogen0 of type main.ClassUnderTestApogen
[[1;31mERROR[m] /home/ubuntu/workspace/fse2019/pagekit/src/main/java/main/ClassUnderTestApogen_ESTest.java:[176,38] cannot find symbol
  symbol:   method deleteUserRoleAnonymousPage(custom_classes.UserRoles)
  location: variable classUnderTestApogen0 of type main.ClassUnderTestApogen
[[1;31mERROR[m] /home/ubuntu/workspace/fse2019/pagekit/src/main/java/main/ClassUnderTestApogen_ESTest.java:[178,38] cannot find symbol
  symbol:   method deleteRoleDeleteRolePage()
  location: variable classUnderTestApogen0 of type main.ClassUnderTestApogen
[[1;31mERROR[m] /home/ubuntu/workspace/fse2019/pagekit/src/main/java/main/ClassUnderTestApogen_ESTest.java:[180,38] cannot find symbol
  symbol:   method goToHomeAnonymousPage()
  location: variable classUnderTestApogen0 of type main.ClassUnderTestApogen
[[1;31mERROR[m] /home/ubuntu/workspace/fse2019/pagekit/src/main/java/main/ClassUnderTestApogen_ESTest.java:[210,38] cannot find symbol
  symbol:   method deletePagekitDashboardPage(custom_classes.Id)
  location: variable classUnderTestApogen0 of type main.ClassUnderTestApogen
[[1;31mERROR[m] /home/ubuntu/workspace/fse2019/pagekit/src/main/java/main/ClassUnderTestApogen_ESTest.java:[212,38] cannot find symbol
  symbol:   method okDeleteWidgetPage()
  location: variable classUnderTestApogen0 of type main.ClassUnderTestApogen
[[1;31mERROR[m] /home/ubuntu/workspace/fse2019/pagekit/src/main/java/main/ClassUnderTestApogen_ESTest.java:[214,38] cannot find symbol
  symbol:   method goToEditUserDashboardPage()
  location: variable classUnderTestApogen0 of type main.ClassUnderTestApogen
[[1;31mERROR[m] /home/ubuntu/workspace/fse2019/pagekit/src/main/java/main/ClassUnderTestApogen_ESTest.java:[216,38] cannot find symbol
  symbol:   method goToPermissionsEditUserPage()
  location: variable classUnderTestApogen0 of type main.ClassUnderTestApogen
[[1;31mERROR[m] /home/ubuntu/workspace/fse2019/pagekit/src/main/java/main/ClassUnderTestApogen_ESTest.java:[218,38] cannot find symbol
  symbol:   method goToAnonymousPermissionsPage()
  location: variable classUnderTestApogen0 of type main.ClassUnderTestApogen
[[1;31mERROR[m] /home/ubuntu/workspace/fse2019/pagekit/src/main/java/main/ClassUnderTestApogen_ESTest.java:[220,38] cannot find symbol
  symbol:   method goToHomeAnonymousPage()
  location: variable classUnderTestApogen0 of type main.ClassUnderTestApogen
[[1;31mERROR[m] /home/ubuntu/workspace/fse2019/pagekit/src/main/java/main/ClassUnderTestApogen_ESTest.java:[222,38] cannot find symbol
  symbol:   method goToDashBoardMenuDashboardPage()
  location: variable classUnderTestApogen0 of type main.ClassUnderTestApogen
[[1;31mERROR[m] /home/ubuntu/workspace/fse2019/pagekit/src/main/java/main/ClassUnderTestApogen_ESTest.java:[224,38] cannot find symbol
  symbol:   method goToUsersDashBoardMenuPage()
  location: variable classUnderTestApogen0 of type main.ClassUnderTestApogen
[[1;31mERROR[m] /home/ubuntu/workspace/fse2019/pagekit/src/main/java/main/ClassUnderTestApogen_ESTest.java:[226,38] cannot find symbol
  symbol:   method add_userUsersPage()
  location: variable classUnderTestApogen0 of type main.ClassUnderTestApogen
[[1;31mERROR[m] /home/ubuntu/workspace/fse2019/pagekit/src/main/java/main/ClassUnderTestApogen_ESTest.java:[233,38] cannot find symbol
  symbol:   method addUserAddUserPage(custom_classes.Username,custom_classes.Name,custom_classes.Email,custom_classes.UserPassword,custom_classes.UserStatus)
  location: variable classUnderTestApogen0 of type main.ClassUnderTestApogen
[[1;31mERROR[m] /home/ubuntu/workspace/fse2019/pagekit/src/main/java/main/ClassUnderTestApogen_ESTest.java:[277,38] cannot find symbol
  symbol:   method deletePagekitDashboardPage(custom_classes.Id)
  location: variable classUnderTestApogen0 of type main.ClassUnderTestApogen
[[1;31mERROR[m] /home/ubuntu/workspace/fse2019/pagekit/src/main/java/main/ClassUnderTestApogen_ESTest.java:[279,38] cannot find symbol
  symbol:   method cancelDeleteWidgetPage()
  location: variable classUnderTestApogen0 of type main.ClassUnderTestApogen
[[1;31mERROR[m] /home/ubuntu/workspace/fse2019/pagekit/src/main/java/main/ClassUnderTestApogen_ESTest.java:[281,38] cannot find symbol
  symbol:   method goToDashBoardMenuDashboardPage()
  location: variable classUnderTestApogen0 of type main.ClassUnderTestApogen
[[1;31mERROR[m] /home/ubuntu/workspace/fse2019/pagekit/src/main/java/main/ClassUnderTestApogen_ESTest.java:[283,38] cannot find symbol
  symbol:   method goToUsersDashBoardMenuPage()
  location: variable classUnderTestApogen0 of type main.ClassUnderTestApogen
[[1;31mERROR[m] /home/ubuntu/workspace/fse2019/pagekit/src/main/java/main/ClassUnderTestApogen_ESTest.java:[285,38] cannot find symbol
  symbol:   method goToAnonymousUsersPage()
  location: variable classUnderTestApogen0 of type main.ClassUnderTestApogen
[[1;31mERROR[m] /home/ubuntu/workspace/fse2019/pagekit/src/main/java/main/ClassUnderTestApogen_ESTest.java:[288,38] cannot find symbol
  symbol:   method goToAddRoleAnonymousPage(custom_classes.UserRoles)
  location: variable classUnderTestApogen0 of type main.ClassUnderTestApogen
[[1;31mERROR[m] /home/ubuntu/workspace/fse2019/pagekit/src/main/java/main/ClassUnderTestApogen_ESTest.java:[290,38] cannot find symbol
  symbol:   method cancelAddRolePage()
  location: variable classUnderTestApogen0 of type main.ClassUnderTestApogen
[[1;31mERROR[m] /home/ubuntu/workspace/fse2019/pagekit/src/main/java/main/ClassUnderTestApogen_ESTest.java:[292,38] cannot find symbol
  symbol:   method goToAdministratorAnonymousPage()
  location: variable classUnderTestApogen0 of type main.ClassUnderTestApogen
[[1;31mERROR[m] /home/ubuntu/workspace/fse2019/pagekit/src/main/java/main/ClassUnderTestApogen_ESTest.java:[294,38] cannot find symbol
  symbol:   method goToAnonymousAdministratorPage()
  location: variable classUnderTestApogen0 of type main.ClassUnderTestApogen
[[1;31mERROR[m] /home/ubuntu/workspace/fse2019/pagekit/src/main/java/main/ClassUnderTestApogen_ESTest.java:[296,38] cannot find symbol
  symbol:   method goToAddRoleAnonymousPage(custom_classes.UserRoles)
  location: variable classUnderTestApogen0 of type main.ClassUnderTestApogen
[[1;31mERROR[m] /home/ubuntu/workspace/fse2019/pagekit/src/main/java/main/ClassUnderTestApogen_ESTest.java:[298,38] cannot find symbol
  symbol:   method addRoleAddRolePage()
  location: variable classUnderTestApogen0 of type main.ClassUnderTestApogen
[[1;31mERROR[m] /home/ubuntu/workspace/fse2019/pagekit/src/main/java/main/ClassUnderTestApogen_ESTest.java:[300,38] cannot find symbol
  symbol:   method goToHomeAnonymousPage()
  location: variable classUnderTestApogen0 of type main.ClassUnderTestApogen
[[1;31mERROR[m] /home/ubuntu/workspace/fse2019/pagekit/src/main/java/main/ClassUnderTestApogen_ESTest.java:[302,38] cannot find symbol
  symbol:   method goToEditUserDashboardPage()
  location: variable classUnderTestApogen0 of type main.ClassUnderTestApogen
[[1;31mERROR[m] /home/ubuntu/workspace/fse2019/pagekit/src/main/java/main/ClassUnderTestApogen_ESTest.java:[308,38] cannot find symbol
  symbol:   method user_editEditUserPage(custom_classes.Username,custom_classes.Name,custom_classes.Email,custom_classes.UserPassword)
  location: variable classUnderTestApogen0 of type main.ClassUnderTestApogen
[[1;31mERROR[m] /home/ubuntu/workspace/fse2019/pagekit/src/main/java/main/ClassUnderTestApogen_ESTest.java:[311,38] cannot find symbol
  symbol:   method goToUsersEditUserPage()
  location: variable classUnderTestApogen0 of type main.ClassUnderTestApogen
[[1;31mERROR[m] /home/ubuntu/workspace/fse2019/pagekit/src/main/java/main/ClassUnderTestApogen_ESTest.java:[313,38] cannot find symbol
  symbol:   method goToPermissionsUsersPage()
  location: variable classUnderTestApogen0 of type main.ClassUnderTestApogen
[[1;31mERROR[m] /home/ubuntu/workspace/fse2019/pagekit/src/main/java/main/ClassUnderTestApogen_ESTest.java:[315,38] cannot find symbol
  symbol:   method goToPermissionsPermissionsPage()
  location: variable classUnderTestApogen0 of type main.ClassUnderTestApogen
[[1;31mERROR[m] /home/ubuntu/workspace/fse2019/pagekit/src/main/java/main/ClassUnderTestApogen_ESTest.java:[317,38] cannot find symbol
  symbol:   method goToAnonymousPermissionsPage()
  location: variable classUnderTestApogen0 of type main.ClassUnderTestApogen
[[1;31mERROR[m] /home/ubuntu/workspace/fse2019/pagekit/src/main/java/main/ClassUnderTestApogen_ESTest.java:[320,38] cannot find symbol
  symbol:   method deleteUserRoleAnonymousPage(custom_classes.UserRoles)
  location: variable classUnderTestApogen0 of type main.ClassUnderTestApogen
[[1;31mERROR[m] /home/ubuntu/workspace/fse2019/pagekit/src/main/java/main/ClassUnderTestApogen_ESTest.java:[322,38] cannot find symbol
  symbol:   method deleteRoleDeleteRolePage()
  location: variable classUnderTestApogen0 of type main.ClassUnderTestApogen
[[1;31mERROR[m] /home/ubuntu/workspace/fse2019/pagekit/src/main/java/main/ClassUnderTestApogen_ESTest.java:[363,38] cannot find symbol
  symbol:   method deletePagekitDashboardPage(custom_classes.Id)
  location: variable classUnderTestApogen0 of type main.ClassUnderTestApogen
[[1;31mERROR[m] /home/ubuntu/workspace/fse2019/pagekit/src/main/java/main/ClassUnderTestApogen_ESTest.java:[365,38] cannot find symbol
  symbol:   method okDeleteWidgetPage()
  location: variable classUnderTestApogen0 of type main.ClassUnderTestApogen
[[1;31mERROR[m] /home/ubuntu/workspace/fse2019/pagekit/src/main/java/main/ClassUnderTestApogen_ESTest.java:[367,38] cannot find symbol
  symbol:   method goToEditUserDashboardPage()
  location: variable classUnderTestApogen0 of type main.ClassUnderTestApogen
[[1;31mERROR[m] /home/ubuntu/workspace/fse2019/pagekit/src/main/java/main/ClassUnderTestApogen_ESTest.java:[369,38] cannot find symbol
  symbol:   method goToPermissionsEditUserPage()
  location: variable classUnderTestApogen0 of type main.ClassUnderTestApogen
[[1;31mERROR[m] /home/ubuntu/workspace/fse2019/pagekit/src/main/java/main/ClassUnderTestApogen_ESTest.java:[371,38] cannot find symbol
  symbol:   method goToAnonymousPermissionsPage()
  location: variable classUnderTestApogen0 of type main.ClassUnderTestApogen
[[1;31mERROR[m] /home/ubuntu/workspace/fse2019/pagekit/src/main/java/main/ClassUnderTestApogen_ESTest.java:[373,38] cannot find symbol
  symbol:   method goToAdministratorAnonymousPage()
  location: variable classUnderTestApogen0 of type main.ClassUnderTestApogen
[[1;31mERROR[m] /home/ubuntu/workspace/fse2019/pagekit/src/main/java/main/ClassUnderTestApogen_ESTest.java:[375,38] cannot find symbol
  symbol:   method goToAdministratorAdministratorPage()
  location: variable classUnderTestApogen0 of type main.ClassUnderTestApogen
[[1;31mERROR[m] /home/ubuntu/workspace/fse2019/pagekit/src/main/java/main/ClassUnderTestApogen_ESTest.java:[377,38] cannot find symbol
  symbol:   method goToAdministratorAdministratorPage()
  location: variable classUnderTestApogen0 of type main.ClassUnderTestApogen
[[1;31mERROR[m] /home/ubuntu/workspace/fse2019/pagekit/src/main/java/main/ClassUnderTestApogen_ESTest.java:[379,38] cannot find symbol
  symbol:   method goToAdministratorAdministratorPage()
  location: variable classUnderTestApogen0 of type main.ClassUnderTestApogen
[[1;31mERROR[m] /home/ubuntu/workspace/fse2019/pagekit/src/main/java/main/ClassUnderTestApogen_ESTest.java:[381,38] cannot find symbol
  symbol:   method goToAdministratorAdministratorPage()
  location: variable classUnderTestApogen0 of type main.ClassUnderTestApogen
[[1;31mERROR[m] /home/ubuntu/workspace/fse2019/pagekit/src/main/java/main/ClassUnderTestApogen_ESTest.java:[383,38] cannot find symbol
  symbol:   method goToAdministratorAdministratorPage()
  location: variable classUnderTestApogen0 of type main.ClassUnderTestApogen
[[1;31mERROR[m] /home/ubuntu/workspace/fse2019/pagekit/src/main/java/main/ClassUnderTestApogen_ESTest.java:[385,38] cannot find symbol
  symbol:   method goToAdministratorAdministratorPage()
  location: variable classUnderTestApogen0 of type main.ClassUnderTestApogen
[[1;31mERROR[m] /home/ubuntu/workspace/fse2019/pagekit/src/main/java/main/ClassUnderTestApogen_ESTest.java:[387,38] cannot find symbol
  symbol:   method goToAnonymousAdministratorPage()
  location: variable classUnderTestApogen0 of type main.ClassUnderTestApogen
[[1;31mERROR[m] /home/ubuntu/workspace/fse2019/pagekit/src/main/java/main/ClassUnderTestApogen_ESTest.java:[390,38] cannot find symbol
  symbol:   method goToAddRoleAnonymousPage(custom_classes.UserRoles)
  location: variable classUnderTestApogen0 of type main.ClassUnderTestApogen
[[1;31mERROR[m] /home/ubuntu/workspace/fse2019/pagekit/src/main/java/main/ClassUnderTestApogen_ESTest.java:[392,38] cannot find symbol
  symbol:   method addRoleAddRolePage()
  location: variable classUnderTestApogen0 of type main.ClassUnderTestApogen
[[1;31mERROR[m] /home/ubuntu/workspace/fse2019/pagekit/src/main/java/main/ClassUnderTestApogen_ESTest.java:[395,38] cannot find symbol
  symbol:   method goToEditRoleAnonymousPage(custom_classes.UserRoles,custom_classes.UserRoles)
  location: variable classUnderTestApogen0 of type main.ClassUnderTestApogen
[[1;31mERROR[m] /home/ubuntu/workspace/fse2019/pagekit/src/main/java/main/ClassUnderTestApogen_ESTest.java:[397,38] cannot find symbol
  symbol:   method editRoleEditRolePage()
  location: variable classUnderTestApogen0 of type main.ClassUnderTestApogen
[[1;31mERROR[m] /home/ubuntu/workspace/fse2019/pagekit/src/main/java/main/ClassUnderTestApogen_ESTest.java:[400,38] cannot find symbol
  symbol:   method goToAddRoleAnonymousPage(custom_classes.UserRoles)
  location: variable classUnderTestApogen0 of type main.ClassUnderTestApogen
[[1;31mERROR[m] /home/ubuntu/workspace/fse2019/pagekit/src/main/java/main/ClassUnderTestApogen_ESTest.java:[402,38] cannot find symbol
  symbol:   method addRoleAddRolePage()
  location: variable classUnderTestApogen0 of type main.ClassUnderTestApogen
[[1;31mERROR[m] /home/ubuntu/workspace/fse2019/pagekit/src/main/java/main/ClassUnderTestApogen_ESTest.java:[404,38] cannot find symbol
  symbol:   method goToAdministratorAnonymousPage()
  location: variable classUnderTestApogen0 of type main.ClassUnderTestApogen
[[1;31mERROR[m] /home/ubuntu/workspace/fse2019/pagekit/src/main/java/main/ClassUnderTestApogen_ESTest.java:[406,38] cannot find symbol
  symbol:   method goToAnonymousAdministratorPage()
  location: variable classUnderTestApogen0 of type main.ClassUnderTestApogen
[[1;31mERROR[m] /home/ubuntu/workspace/fse2019/pagekit/src/main/java/main/ClassUnderTestApogen_ESTest.java:[408,38] cannot find symbol
  symbol:   method deleteUserRoleAnonymousPage(custom_classes.UserRoles)
  location: variable classUnderTestApogen0 of type main.ClassUnderTestApogen
[[1;31mERROR[m] /home/ubuntu/workspace/fse2019/pagekit/src/main/java/main/ClassUnderTestApogen_ESTest.java:[410,38] cannot find symbol
  symbol:   method deleteRoleDeleteRolePage()
  location: variable classUnderTestApogen0 of type main.ClassUnderTestApogen
[[1;31mERROR[m] /home/ubuntu/workspace/fse2019/pagekit/src/main/java/main/ClassUnderTestApogen_ESTest.java:[412,38] cannot find symbol
  symbol:   method goToHomeAnonymousPage()
  location: variable classUnderTestApogen0 of type main.ClassUnderTestApogen
[[1;31mERROR[m] /home/ubuntu/workspace/fse2019/pagekit/src/main/java/main/ClassUnderTestApogen_ESTest.java:[414,38] cannot find symbol
  symbol:   method goToDashBoardMenuDashboardPage()
  location: variable classUnderTestApogen0 of type main.ClassUnderTestApogen
[[1;31mERROR[m] /home/ubuntu/workspace/fse2019/pagekit/src/main/java/main/ClassUnderTestApogen_ESTest.java:[416,38] cannot find symbol
  symbol:   method goToUsersDashBoardMenuPage()
  location: variable classUnderTestApogen0 of type main.ClassUnderTestApogen
[[1;31mERROR[m] /home/ubuntu/workspace/fse2019/pagekit/src/main/java/main/ClassUnderTestApogen_ESTest.java:[418,38] cannot find symbol
  symbol:   method goToPermissionsUsersPage()
  location: variable classUnderTestApogen0 of type main.ClassUnderTestApogen
[[1;31mERROR[m] /home/ubuntu/workspace/fse2019/pagekit/src/main/java/main/ClassUnderTestApogen_ESTest.java:[438,38] cannot find symbol
  symbol:   method goToEditComponentLocationDashboardPage(custom_classes.Id)
  location: variable classUnderTestApogen0 of type main.ClassUnderTestApogen
[[1;31mERROR[m] /home/ubuntu/workspace/fse2019/pagekit/src/main/java/main/ClassUnderTestApogen_ESTest.java:[443,33] cannot find symbol
  symbol:   method formEditLocationPage(custom_classes.WidgetLocation,custom_classes.WidgetUnit)
  location: variable classUnderTestApogen0 of type main.ClassUnderTestApogen
[[1;31mERROR[m] /home/ubuntu/workspace/fse2019/pagekit/src/main/java/main/ClassUnderTestApogen_ESTest.java:[477,38] cannot find symbol
  symbol:   method goToEditRegisteredUserDashboardPage(custom_classes.Id)
  location: variable classUnderTestApogen0 of type main.ClassUnderTestApogen
[[1;31mERROR[m] /home/ubuntu/workspace/fse2019/pagekit/src/main/java/main/ClassUnderTestApogen_ESTest.java:[483,38] cannot find symbol
  symbol:   method formEditRegisteredUserPage(custom_classes.WidgetUserType,custom_classes.WidgetUserDisplay,custom_classes.WidgetTotalUser,custom_classes.WidgetNumberOfUsers)
  location: variable classUnderTestApogen0 of type main.ClassUnderTestApogen
[[1;31mERROR[m] /home/ubuntu/workspace/fse2019/pagekit/src/main/java/main/ClassUnderTestApogen_ESTest.java:[486,38] cannot find symbol
  symbol:   method goToDashBoardMenuDashboardPage()
  location: variable classUnderTestApogen0 of type main.ClassUnderTestApogen
[[1;31mERROR[m] /home/ubuntu/workspace/fse2019/pagekit/src/main/java/main/ClassUnderTestApogen_ESTest.java:[488,38] cannot find symbol
  symbol:   method goToDashboardDashBoardMenuPage()
  location: variable classUnderTestApogen0 of type main.ClassUnderTestApogen
[[1;31mERROR[m] /home/ubuntu/workspace/fse2019/pagekit/src/main/java/main/ClassUnderTestApogen_ESTest.java:[490,38] cannot find symbol
  symbol:   method goToDashBoardMenuDashboardPage()
  location: variable classUnderTestApogen0 of type main.ClassUnderTestApogen
[[1;31mERROR[m] /home/ubuntu/workspace/fse2019/pagekit/src/main/java/main/ClassUnderTestApogen_ESTest.java:[492,38] cannot find symbol
  symbol:   method goToUsersDashBoardMenuPage()
  location: variable classUnderTestApogen0 of type main.ClassUnderTestApogen
[[1;34mINFO[m] 100 errors 
[[1;34mINFO[m] -------------------------------------------------------------
[[1;34mINFO[m] [1m------------------------------------------------------------------------[m
[[1;34mINFO[m] [1;31mBUILD FAILURE[m
[[1;34mINFO[m] [1m------------------------------------------------------------------------[m
[[1;34mINFO[m] Total time:  3.058 s
[[1;34mINFO[m] Finished at: 2020-05-08T02:59:56Z
[[1;34mINFO[m] [1m------------------------------------------------------------------------[m
[[1;31mERROR[m] Failed to execute goal [32morg.apache.maven.plugins:maven-compiler-plugin:3.7.0:compile[m [1m(default-compile)[m on project [36mpagekit[m: [1;31mCompilation failure[m: Compilation failure: 
[[1;31mERROR[m] /home/ubuntu/workspace/fse2019/pagekit/src/main/java/main/ClassUnderTestApogen_ESTest.java:[94,38] cannot find symbol
[[1;31mERROR[m]   symbol:   method goToDashBoardMenuDashboardPage()
[[1;31mERROR[m]   location: variable classUnderTestApogen0 of type main.ClassUnderTestApogen
[[1;31mERROR[m] /home/ubuntu/workspace/fse2019/pagekit/src/main/java/main/ClassUnderTestApogen_ESTest.java:[96,38] cannot find symbol
[[1;31mERROR[m]   symbol:   method goToUsersDashBoardMenuPage()
[[1;31mERROR[m]   location: variable classUnderTestApogen0 of type main.ClassUnderTestApogen
[[1;31mERROR[m] /home/ubuntu/workspace/fse2019/pagekit/src/main/java/main/ClassUnderTestApogen_ESTest.java:[100,38] cannot find symbol
[[1;31mERROR[m]   symbol:   method goToEditUsersPage(custom_classes.Id)
[[1;31mERROR[m]   location: variable classUnderTestApogen0 of type main.ClassUnderTestApogen
[[1;31mERROR[m] /home/ubuntu/workspace/fse2019/pagekit/src/main/java/main/ClassUnderTestApogen_ESTest.java:[102,38] cannot find symbol
[[1;31mERROR[m]   symbol:   method goToUserEditUserPage()
[[1;31mERROR[m]   location: variable classUnderTestApogen0 of type main.ClassUnderTestApogen
[[1;31mERROR[m] /home/ubuntu/workspace/fse2019/pagekit/src/main/java/main/ClassUnderTestApogen_ESTest.java:[104,38] cannot find symbol
[[1;31mERROR[m]   symbol:   method goToEditUsersPage(custom_classes.Id)
[[1;31mERROR[m]   location: variable classUnderTestApogen0 of type main.ClassUnderTestApogen
[[1;31mERROR[m] /home/ubuntu/workspace/fse2019/pagekit/src/main/java/main/ClassUnderTestApogen_ESTest.java:[110,38] cannot find symbol
[[1;31mERROR[m]   symbol:   method user_editEditUserPage(custom_classes.Username,custom_classes.Name,custom_classes.Email,custom_classes.UserPassword)
[[1;31mERROR[m]   location: variable classUnderTestApogen0 of type main.ClassUnderTestApogen
[[1;31mERROR[m] /home/ubuntu/workspace/fse2019/pagekit/src/main/java/main/ClassUnderTestApogen_ESTest.java:[113,38] cannot find symbol
[[1;31mERROR[m]   symbol:   method goToUserEditUserPage()
[[1;31mERROR[m]   location: variable classUnderTestApogen0 of type main.ClassUnderTestApogen
[[1;31mERROR[m] /home/ubuntu/workspace/fse2019/pagekit/src/main/java/main/ClassUnderTestApogen_ESTest.java:[115,38] cannot find symbol
[[1;31mERROR[m]   symbol:   method add_userUsersPage()
[[1;31mERROR[m]   location: variable classUnderTestApogen0 of type main.ClassUnderTestApogen
[[1;31mERROR[m] /home/ubuntu/workspace/fse2019/pagekit/src/main/java/main/ClassUnderTestApogen_ESTest.java:[117,38] cannot find symbol
[[1;31mERROR[m]   symbol:   method goToPermissionsAddUserPage()
[[1;31mERROR[m]   location: variable classUnderTestApogen0 of type main.ClassUnderTestApogen
[[1;31mERROR[m] /home/ubuntu/workspace/fse2019/pagekit/src/main/java/main/ClassUnderTestApogen_ESTest.java:[119,38] cannot find symbol
[[1;31mERROR[m]   symbol:   method goToUsersPermissionsPage()
[[1;31mERROR[m]   location: variable classUnderTestApogen0 of type main.ClassUnderTestApogen
[[1;31mERROR[m] /home/ubuntu/workspace/fse2019/pagekit/src/main/java/main/ClassUnderTestApogen_ESTest.java:[121,38] cannot find symbol
[[1;31mERROR[m]   symbol:   method goToEditUsersPage(custom_classes.Id)
[[1;31mERROR[m]   location: variable classUnderTestApogen0 of type main.ClassUnderTestApogen
[[1;31mERROR[m] /home/ubuntu/workspace/fse2019/pagekit/src/main/java/main/ClassUnderTestApogen_ESTest.java:[123,38] cannot find symbol
[[1;31mERROR[m]   symbol:   method goToUserEditUserPage()
[[1;31mERROR[m]   location: variable classUnderTestApogen0 of type main.ClassUnderTestApogen
[[1;31mERROR[m] /home/ubuntu/workspace/fse2019/pagekit/src/main/java/main/ClassUnderTestApogen_ESTest.java:[125,38] cannot find symbol
[[1;31mERROR[m]   symbol:   method goToPermissionsUsersPage()
[[1;31mERROR[m]   location: variable classUnderTestApogen0 of type main.ClassUnderTestApogen
[[1;31mERROR[m] /home/ubuntu/workspace/fse2019/pagekit/src/main/java/main/ClassUnderTestApogen_ESTest.java:[127,38] cannot find symbol
[[1;31mERROR[m]   symbol:   method goToPermissionsPermissionsPage()
[[1;31mERROR[m]   location: variable classUnderTestApogen0 of type main.ClassUnderTestApogen
[[1;31mERROR[m] /home/ubuntu/workspace/fse2019/pagekit/src/main/java/main/ClassUnderTestApogen_ESTest.java:[129,38] cannot find symbol
[[1;31mERROR[m]   symbol:   method goToPermissionsPermissionsPage()
[[1;31mERROR[m]   location: variable classUnderTestApogen0 of type main.ClassUnderTestApogen
[[1;31mERROR[m] /home/ubuntu/workspace/fse2019/pagekit/src/main/java/main/ClassUnderTestApogen_ESTest.java:[131,38] cannot find symbol
[[1;31mERROR[m]   symbol:   method goToUsersPermissionsPage()
[[1;31mERROR[m]   location: variable classUnderTestApogen0 of type main.ClassUnderTestApogen
[[1;31mERROR[m] /home/ubuntu/workspace/fse2019/pagekit/src/main/java/main/ClassUnderTestApogen_ESTest.java:[133,38] cannot find symbol
[[1;31mERROR[m]   symbol:   method add_userUsersPage()
[[1;31mERROR[m]   location: variable classUnderTestApogen0 of type main.ClassUnderTestApogen
[[1;31mERROR[m] /home/ubuntu/workspace/fse2019/pagekit/src/main/java/main/ClassUnderTestApogen_ESTest.java:[139,38] cannot find symbol
[[1;31mERROR[m]   symbol:   method addUserAddUserPage(custom_classes.Username,custom_classes.Name,custom_classes.Email,custom_classes.UserPassword,custom_classes.UserStatus)
[[1;31mERROR[m]   location: variable classUnderTestApogen0 of type main.ClassUnderTestApogen
[[1;31mERROR[m] /home/ubuntu/workspace/fse2019/pagekit/src/main/java/main/ClassUnderTestApogen_ESTest.java:[145,38] cannot find symbol
[[1;31mERROR[m]   symbol:   method addUserAddUserPage(custom_classes.Username,custom_classes.Name,custom_classes.Email,custom_classes.UserPassword,custom_classes.UserStatus)
[[1;31mERROR[m]   location: variable classUnderTestApogen0 of type main.ClassUnderTestApogen
[[1;31mERROR[m] /home/ubuntu/workspace/fse2019/pagekit/src/main/java/main/ClassUnderTestApogen_ESTest.java:[148,38] cannot find symbol
[[1;31mERROR[m]   symbol:   method goToUserAddUserPage()
[[1;31mERROR[m]   location: variable classUnderTestApogen0 of type main.ClassUnderTestApogen
[[1;31mERROR[m] /home/ubuntu/workspace/fse2019/pagekit/src/main/java/main/ClassUnderTestApogen_ESTest.java:[150,38] cannot find symbol
[[1;31mERROR[m]   symbol:   method goToEditUsersPage(custom_classes.Id)
[[1;31mERROR[m]   location: variable classUnderTestApogen0 of type main.ClassUnderTestApogen
[[1;31mERROR[m] /home/ubuntu/workspace/fse2019/pagekit/src/main/java/main/ClassUnderTestApogen_ESTest.java:[152,38] cannot find symbol
[[1;31mERROR[m]   symbol:   method goToPermissionsEditUserPage()
[[1;31mERROR[m]   location: variable classUnderTestApogen0 of type main.ClassUnderTestApogen
[[1;31mERROR[m] /home/ubuntu/workspace/fse2019/pagekit/src/main/java/main/ClassUnderTestApogen_ESTest.java:[154,38] cannot find symbol
[[1;31mERROR[m]   symbol:   method goToUsersPermissionsPage()
[[1;31mERROR[m]   location: variable classUnderTestApogen0 of type main.ClassUnderTestApogen
[[1;31mERROR[m] /home/ubuntu/workspace/fse2019/pagekit/src/main/java/main/ClassUnderTestApogen_ESTest.java:[156,38] cannot find symbol
[[1;31mERROR[m]   symbol:   method goToPermissionsUsersPage()
[[1;31mERROR[m]   location: variable classUnderTestApogen0 of type main.ClassUnderTestApogen
[[1;31mERROR[m] /home/ubuntu/workspace/fse2019/pagekit/src/main/java/main/ClassUnderTestApogen_ESTest.java:[158,38] cannot find symbol
[[1;31mERROR[m]   symbol:   method goToUsersPermissionsPage()
[[1;31mERROR[m]   location: variable classUnderTestApogen0 of type main.ClassUnderTestApogen
[[1;31mERROR[m] /home/ubuntu/workspace/fse2019/pagekit/src/main/java/main/ClassUnderTestApogen_ESTest.java:[160,38] cannot find symbol
[[1;31mERROR[m]   symbol:   method goToPermissionsUsersPage()
[[1;31mERROR[m]   location: variable classUnderTestApogen0 of type main.ClassUnderTestApogen
[[1;31mERROR[m] /home/ubuntu/workspace/fse2019/pagekit/src/main/java/main/ClassUnderTestApogen_ESTest.java:[162,38] cannot find symbol
[[1;31mERROR[m]   symbol:   method goToAnonymousPermissionsPage()
[[1;31mERROR[m]   location: variable classUnderTestApogen0 of type main.ClassUnderTestApogen
[[1;31mERROR[m] /home/ubuntu/workspace/fse2019/pagekit/src/main/java/main/ClassUnderTestApogen_ESTest.java:[164,38] cannot find symbol
[[1;31mERROR[m]   symbol:   method goToAdministratorAnonymousPage()
[[1;31mERROR[m]   location: variable classUnderTestApogen0 of type main.ClassUnderTestApogen
[[1;31mERROR[m] /home/ubuntu/workspace/fse2019/pagekit/src/main/java/main/ClassUnderTestApogen_ESTest.java:[166,38] cannot find symbol
[[1;31mERROR[m]   symbol:   method goToAdministratorAdministratorPage()
[[1;31mERROR[m]   location: variable classUnderTestApogen0 of type main.ClassUnderTestApogen
[[1;31mERROR[m] /home/ubuntu/workspace/fse2019/pagekit/src/main/java/main/ClassUnderTestApogen_ESTest.java:[168,38] cannot find symbol
[[1;31mERROR[m]   symbol:   method goToAnonymousAdministratorPage()
[[1;31mERROR[m]   location: variable classUnderTestApogen0 of type main.ClassUnderTestApogen
[[1;31mERROR[m] /home/ubuntu/workspace/fse2019/pagekit/src/main/java/main/ClassUnderTestApogen_ESTest.java:[171,38] cannot find symbol
[[1;31mERROR[m]   symbol:   method goToAddRoleAnonymousPage(custom_classes.UserRoles)
[[1;31mERROR[m]   location: variable classUnderTestApogen0 of type main.ClassUnderTestApogen
[[1;31mERROR[m] /home/ubuntu/workspace/fse2019/pagekit/src/main/java/main/ClassUnderTestApogen_ESTest.java:[173,38] cannot find symbol
[[1;31mERROR[m]   symbol:   method addRoleAddRolePage()
[[1;31mERROR[m]   location: variable classUnderTestApogen0 of type main.ClassUnderTestApogen
[[1;31mERROR[m] /home/ubuntu/workspace/fse2019/pagekit/src/main/java/main/ClassUnderTestApogen_ESTest.java:[176,38] cannot find symbol
[[1;31mERROR[m]   symbol:   method deleteUserRoleAnonymousPage(custom_classes.UserRoles)
[[1;31mERROR[m]   location: variable classUnderTestApogen0 of type main.ClassUnderTestApogen
[[1;31mERROR[m] /home/ubuntu/workspace/fse2019/pagekit/src/main/java/main/ClassUnderTestApogen_ESTest.java:[178,38] cannot find symbol
[[1;31mERROR[m]   symbol:   method deleteRoleDeleteRolePage()
[[1;31mERROR[m]   location: variable classUnderTestApogen0 of type main.ClassUnderTestApogen
[[1;31mERROR[m] /home/ubuntu/workspace/fse2019/pagekit/src/main/java/main/ClassUnderTestApogen_ESTest.java:[180,38] cannot find symbol
[[1;31mERROR[m]   symbol:   method goToHomeAnonymousPage()
[[1;31mERROR[m]   location: variable classUnderTestApogen0 of type main.ClassUnderTestApogen
[[1;31mERROR[m] /home/ubuntu/workspace/fse2019/pagekit/src/main/java/main/ClassUnderTestApogen_ESTest.java:[210,38] cannot find symbol
[[1;31mERROR[m]   symbol:   method deletePagekitDashboardPage(custom_classes.Id)
[[1;31mERROR[m]   location: variable classUnderTestApogen0 of type main.ClassUnderTestApogen
[[1;31mERROR[m] /home/ubuntu/workspace/fse2019/pagekit/src/main/java/main/ClassUnderTestApogen_ESTest.java:[212,38] cannot find symbol
[[1;31mERROR[m]   symbol:   method okDeleteWidgetPage()
[[1;31mERROR[m]   location: variable classUnderTestApogen0 of type main.ClassUnderTestApogen
[[1;31mERROR[m] /home/ubuntu/workspace/fse2019/pagekit/src/main/java/main/ClassUnderTestApogen_ESTest.java:[214,38] cannot find symbol
[[1;31mERROR[m]   symbol:   method goToEditUserDashboardPage()
[[1;31mERROR[m]   location: variable classUnderTestApogen0 of type main.ClassUnderTestApogen
[[1;31mERROR[m] /home/ubuntu/workspace/fse2019/pagekit/src/main/java/main/ClassUnderTestApogen_ESTest.java:[216,38] cannot find symbol
[[1;31mERROR[m]   symbol:   method goToPermissionsEditUserPage()
[[1;31mERROR[m]   location: variable classUnderTestApogen0 of type main.ClassUnderTestApogen
[[1;31mERROR[m] /home/ubuntu/workspace/fse2019/pagekit/src/main/java/main/ClassUnderTestApogen_ESTest.java:[218,38] cannot find symbol
[[1;31mERROR[m]   symbol:   method goToAnonymousPermissionsPage()
[[1;31mERROR[m]   location: variable classUnderTestApogen0 of type main.ClassUnderTestApogen
[[1;31mERROR[m] /home/ubuntu/workspace/fse2019/pagekit/src/main/java/main/ClassUnderTestApogen_ESTest.java:[220,38] cannot find symbol
[[1;31mERROR[m]   symbol:   method goToHomeAnonymousPage()
[[1;31mERROR[m]   location: variable classUnderTestApogen0 of type main.ClassUnderTestApogen
[[1;31mERROR[m] /home/ubuntu/workspace/fse2019/pagekit/src/main/java/main/ClassUnderTestApogen_ESTest.java:[222,38] cannot find symbol
[[1;31mERROR[m]   symbol:   method goToDashBoardMenuDashboardPage()
[[1;31mERROR[m]   location: variable classUnderTestApogen0 of type main.ClassUnderTestApogen
[[1;31mERROR[m] /home/ubuntu/workspace/fse2019/pagekit/src/main/java/main/ClassUnderTestApogen_ESTest.java:[224,38] cannot find symbol
[[1;31mERROR[m]   symbol:   method goToUsersDashBoardMenuPage()
[[1;31mERROR[m]   location: variable classUnderTestApogen0 of type main.ClassUnderTestApogen
[[1;31mERROR[m] /home/ubuntu/workspace/fse2019/pagekit/src/main/java/main/ClassUnderTestApogen_ESTest.java:[226,38] cannot find symbol
[[1;31mERROR[m]   symbol:   method add_userUsersPage()
[[1;31mERROR[m]   location: variable classUnderTestApogen0 of type main.ClassUnderTestApogen
[[1;31mERROR[m] /home/ubuntu/workspace/fse2019/pagekit/src/main/java/main/ClassUnderTestApogen_ESTest.java:[233,38] cannot find symbol
[[1;31mERROR[m]   symbol:   method addUserAddUserPage(custom_classes.Username,custom_classes.Name,custom_classes.Email,custom_classes.UserPassword,custom_classes.UserStatus)
[[1;31mERROR[m]   location: variable classUnderTestApogen0 of type main.ClassUnderTestApogen
[[1;31mERROR[m] /home/ubuntu/workspace/fse2019/pagekit/src/main/java/main/ClassUnderTestApogen_ESTest.java:[277,38] cannot find symbol
[[1;31mERROR[m]   symbol:   method deletePagekitDashboardPage(custom_classes.Id)
[[1;31mERROR[m]   location: variable classUnderTestApogen0 of type main.ClassUnderTestApogen
[[1;31mERROR[m] /home/ubuntu/workspace/fse2019/pagekit/src/main/java/main/ClassUnderTestApogen_ESTest.java:[279,38] cannot find symbol
[[1;31mERROR[m]   symbol:   method cancelDeleteWidgetPage()
[[1;31mERROR[m]   location: variable classUnderTestApogen0 of type main.ClassUnderTestApogen
[[1;31mERROR[m] /home/ubuntu/workspace/fse2019/pagekit/src/main/java/main/ClassUnderTestApogen_ESTest.java:[281,38] cannot find symbol
[[1;31mERROR[m]   symbol:   method goToDashBoardMenuDashboardPage()
[[1;31mERROR[m]   location: variable classUnderTestApogen0 of type main.ClassUnderTestApogen
[[1;31mERROR[m] /home/ubuntu/workspace/fse2019/pagekit/src/main/java/main/ClassUnderTestApogen_ESTest.java:[283,38] cannot find symbol
[[1;31mERROR[m]   symbol:   method goToUsersDashBoardMenuPage()
[[1;31mERROR[m]   location: variable classUnderTestApogen0 of type main.ClassUnderTestApogen
[[1;31mERROR[m] /home/ubuntu/workspace/fse2019/pagekit/src/main/java/main/ClassUnderTestApogen_ESTest.java:[285,38] cannot find symbol
[[1;31mERROR[m]   symbol:   method goToAnonymousUsersPage()
[[1;31mERROR[m]   location: variable classUnderTestApogen0 of type main.ClassUnderTestApogen
[[1;31mERROR[m] /home/ubuntu/workspace/fse2019/pagekit/src/main/java/main/ClassUnderTestApogen_ESTest.java:[288,38] cannot find symbol
[[1;31mERROR[m]   symbol:   method goToAddRoleAnonymousPage(custom_classes.UserRoles)
[[1;31mERROR[m]   location: variable classUnderTestApogen0 of type main.ClassUnderTestApogen
[[1;31mERROR[m] /home/ubuntu/workspace/fse2019/pagekit/src/main/java/main/ClassUnderTestApogen_ESTest.java:[290,38] cannot find symbol
[[1;31mERROR[m]   symbol:   method cancelAddRolePage()
[[1;31mERROR[m]   location: variable classUnderTestApogen0 of type main.ClassUnderTestApogen
[[1;31mERROR[m] /home/ubuntu/workspace/fse2019/pagekit/src/main/java/main/ClassUnderTestApogen_ESTest.java:[292,38] cannot find symbol
[[1;31mERROR[m]   symbol:   method goToAdministratorAnonymousPage()
[[1;31mERROR[m]   location: variable classUnderTestApogen0 of type main.ClassUnderTestApogen
[[1;31mERROR[m] /home/ubuntu/workspace/fse2019/pagekit/src/main/java/main/ClassUnderTestApogen_ESTest.java:[294,38] cannot find symbol
[[1;31mERROR[m]   symbol:   method goToAnonymousAdministratorPage()
[[1;31mERROR[m]   location: variable classUnderTestApogen0 of type main.ClassUnderTestApogen
[[1;31mERROR[m] /home/ubuntu/workspace/fse2019/pagekit/src/main/java/main/ClassUnderTestApogen_ESTest.java:[296,38] cannot find symbol
[[1;31mERROR[m]   symbol:   method goToAddRoleAnonymousPage(custom_classes.UserRoles)
[[1;31mERROR[m]   location: variable classUnderTestApogen0 of type main.ClassUnderTestApogen
[[1;31mERROR[m] /home/ubuntu/workspace/fse2019/pagekit/src/main/java/main/ClassUnderTestApogen_ESTest.java:[298,38] cannot find symbol
[[1;31mERROR[m]   symbol:   method addRoleAddRolePage()
[[1;31mERROR[m]   location: variable classUnderTestApogen0 of type main.ClassUnderTestApogen
[[1;31mERROR[m] /home/ubuntu/workspace/fse2019/pagekit/src/main/java/main/ClassUnderTestApogen_ESTest.java:[300,38] cannot find symbol
[[1;31mERROR[m]   symbol:   method goToHomeAnonymousPage()
[[1;31mERROR[m]   location: variable classUnderTestApogen0 of type main.ClassUnderTestApogen
[[1;31mERROR[m] /home/ubuntu/workspace/fse2019/pagekit/src/main/java/main/ClassUnderTestApogen_ESTest.java:[302,38] cannot find symbol
[[1;31mERROR[m]   symbol:   method goToEditUserDashboardPage()
[[1;31mERROR[m]   location: variable classUnderTestApogen0 of type main.ClassUnderTestApogen
[[1;31mERROR[m] /home/ubuntu/workspace/fse2019/pagekit/src/main/java/main/ClassUnderTestApogen_ESTest.java:[308,38] cannot find symbol
[[1;31mERROR[m]   symbol:   method user_editEditUserPage(custom_classes.Username,custom_classes.Name,custom_classes.Email,custom_classes.UserPassword)
[[1;31mERROR[m]   location: variable classUnderTestApogen0 of type main.ClassUnderTestApogen
[[1;31mERROR[m] /home/ubuntu/workspace/fse2019/pagekit/src/main/java/main/ClassUnderTestApogen_ESTest.java:[311,38] cannot find symbol
[[1;31mERROR[m]   symbol:   method goToUsersEditUserPage()
[[1;31mERROR[m]   location: variable classUnderTestApogen0 of type main.ClassUnderTestApogen
[[1;31mERROR[m] /home/ubuntu/workspace/fse2019/pagekit/src/main/java/main/ClassUnderTestApogen_ESTest.java:[313,38] cannot find symbol
[[1;31mERROR[m]   symbol:   method goToPermissionsUsersPage()
[[1;31mERROR[m]   location: variable classUnderTestApogen0 of type main.ClassUnderTestApogen
[[1;31mERROR[m] /home/ubuntu/workspace/fse2019/pagekit/src/main/java/main/ClassUnderTestApogen_ESTest.java:[315,38] cannot find symbol
[[1;31mERROR[m]   symbol:   method goToPermissionsPermissionsPage()
[[1;31mERROR[m]   location: variable classUnderTestApogen0 of type main.ClassUnderTestApogen
[[1;31mERROR[m] /home/ubuntu/workspace/fse2019/pagekit/src/main/java/main/ClassUnderTestApogen_ESTest.java:[317,38] cannot find symbol
[[1;31mERROR[m]   symbol:   method goToAnonymousPermissionsPage()
[[1;31mERROR[m]   location: variable classUnderTestApogen0 of type main.ClassUnderTestApogen
[[1;31mERROR[m] /home/ubuntu/workspace/fse2019/pagekit/src/main/java/main/ClassUnderTestApogen_ESTest.java:[320,38] cannot find symbol
[[1;31mERROR[m]   symbol:   method deleteUserRoleAnonymousPage(custom_classes.UserRoles)
[[1;31mERROR[m]   location: variable classUnderTestApogen0 of type main.ClassUnderTestApogen
[[1;31mERROR[m] /home/ubuntu/workspace/fse2019/pagekit/src/main/java/main/ClassUnderTestApogen_ESTest.java:[322,38] cannot find symbol
[[1;31mERROR[m]   symbol:   method deleteRoleDeleteRolePage()
[[1;31mERROR[m]   location: variable classUnderTestApogen0 of type main.ClassUnderTestApogen
[[1;31mERROR[m] /home/ubuntu/workspace/fse2019/pagekit/src/main/java/main/ClassUnderTestApogen_ESTest.java:[363,38] cannot find symbol
[[1;31mERROR[m]   symbol:   method deletePagekitDashboardPage(custom_classes.Id)
[[1;31mERROR[m]   location: variable classUnderTestApogen0 of type main.ClassUnderTestApogen
[[1;31mERROR[m] /home/ubuntu/workspace/fse2019/pagekit/src/main/java/main/ClassUnderTestApogen_ESTest.java:[365,38] cannot find symbol
[[1;31mERROR[m]   symbol:   method okDeleteWidgetPage()
[[1;31mERROR[m]   location: variable classUnderTestApogen0 of type main.ClassUnderTestApogen
[[1;31mERROR[m] /home/ubuntu/workspace/fse2019/pagekit/src/main/java/main/ClassUnderTestApogen_ESTest.java:[367,38] cannot find symbol
[[1;31mERROR[m]   symbol:   method goToEditUserDashboardPage()
[[1;31mERROR[m]   location: variable classUnderTestApogen0 of type main.ClassUnderTestApogen
[[1;31mERROR[m] /home/ubuntu/workspace/fse2019/pagekit/src/main/java/main/ClassUnderTestApogen_ESTest.java:[369,38] cannot find symbol
[[1;31mERROR[m]   symbol:   method goToPermissionsEditUserPage()
[[1;31mERROR[m]   location: variable classUnderTestApogen0 of type main.ClassUnderTestApogen
[[1;31mERROR[m] /home/ubuntu/workspace/fse2019/pagekit/src/main/java/main/ClassUnderTestApogen_ESTest.java:[371,38] cannot find symbol
[[1;31mERROR[m]   symbol:   method goToAnonymousPermissionsPage()
[[1;31mERROR[m]   location: variable classUnderTestApogen0 of type main.ClassUnderTestApogen
[[1;31mERROR[m] /home/ubuntu/workspace/fse2019/pagekit/src/main/java/main/ClassUnderTestApogen_ESTest.java:[373,38] cannot find symbol
[[1;31mERROR[m]   symbol:   method goToAdministratorAnonymousPage()
[[1;31mERROR[m]   location: variable classUnderTestApogen0 of type main.ClassUnderTestApogen
[[1;31mERROR[m] /home/ubuntu/workspace/fse2019/pagekit/src/main/java/main/ClassUnderTestApogen_ESTest.java:[375,38] cannot find symbol
[[1;31mERROR[m]   symbol:   method goToAdministratorAdministratorPage()
[[1;31mERROR[m]   location: variable classUnderTestApogen0 of type main.ClassUnderTestApogen
[[1;31mERROR[m] /home/ubuntu/workspace/fse2019/pagekit/src/main/java/main/ClassUnderTestApogen_ESTest.java:[377,38] cannot find symbol
[[1;31mERROR[m]   symbol:   method goToAdministratorAdministratorPage()
[[1;31mERROR[m]   location: variable classUnderTestApogen0 of type main.ClassUnderTestApogen
[[1;31mERROR[m] /home/ubuntu/workspace/fse2019/pagekit/src/main/java/main/ClassUnderTestApogen_ESTest.java:[379,38] cannot find symbol
[[1;31mERROR[m]   symbol:   method goToAdministratorAdministratorPage()
[[1;31mERROR[m]   location: variable classUnderTestApogen0 of type main.ClassUnderTestApogen
[[1;31mERROR[m] /home/ubuntu/workspace/fse2019/pagekit/src/main/java/main/ClassUnderTestApogen_ESTest.java:[381,38] cannot find symbol
[[1;31mERROR[m]   symbol:   method goToAdministratorAdministratorPage()
[[1;31mERROR[m]   location: variable classUnderTestApogen0 of type main.ClassUnderTestApogen
[[1;31mERROR[m] /home/ubuntu/workspace/fse2019/pagekit/src/main/java/main/ClassUnderTestApogen_ESTest.java:[383,38] cannot find symbol
[[1;31mERROR[m]   symbol:   method goToAdministratorAdministratorPage()
[[1;31mERROR[m]   location: variable classUnderTestApogen0 of type main.ClassUnderTestApogen
[[1;31mERROR[m] /home/ubuntu/workspace/fse2019/pagekit/src/main/java/main/ClassUnderTestApogen_ESTest.java:[385,38] cannot find symbol
[[1;31mERROR[m]   symbol:   method goToAdministratorAdministratorPage()
[[1;31mERROR[m]   location: variable classUnderTestApogen0 of type main.ClassUnderTestApogen
[[1;31mERROR[m] /home/ubuntu/workspace/fse2019/pagekit/src/main/java/main/ClassUnderTestApogen_ESTest.java:[387,38] cannot find symbol
[[1;31mERROR[m]   symbol:   method goToAnonymousAdministratorPage()
[[1;31mERROR[m]   location: variable classUnderTestApogen0 of type main.ClassUnderTestApogen
[[1;31mERROR[m] /home/ubuntu/workspace/fse2019/pagekit/src/main/java/main/ClassUnderTestApogen_ESTest.java:[390,38] cannot find symbol
[[1;31mERROR[m]   symbol:   method goToAddRoleAnonymousPage(custom_classes.UserRoles)
[[1;31mERROR[m]   location: variable classUnderTestApogen0 of type main.ClassUnderTestApogen
[[1;31mERROR[m] /home/ubuntu/workspace/fse2019/pagekit/src/main/java/main/ClassUnderTestApogen_ESTest.java:[392,38] cannot find symbol
[[1;31mERROR[m]   symbol:   method addRoleAddRolePage()
[[1;31mERROR[m]   location: variable classUnderTestApogen0 of type main.ClassUnderTestApogen
[[1;31mERROR[m] /home/ubuntu/workspace/fse2019/pagekit/src/main/java/main/ClassUnderTestApogen_ESTest.java:[395,38] cannot find symbol
[[1;31mERROR[m]   symbol:   method goToEditRoleAnonymousPage(custom_classes.UserRoles,custom_classes.UserRoles)
[[1;31mERROR[m]   location: variable classUnderTestApogen0 of type main.ClassUnderTestApogen
[[1;31mERROR[m] /home/ubuntu/workspace/fse2019/pagekit/src/main/java/main/ClassUnderTestApogen_ESTest.java:[397,38] cannot find symbol
[[1;31mERROR[m]   symbol:   method editRoleEditRolePage()
[[1;31mERROR[m]   location: variable classUnderTestApogen0 of type main.ClassUnderTestApogen
[[1;31mERROR[m] /home/ubuntu/workspace/fse2019/pagekit/src/main/java/main/ClassUnderTestApogen_ESTest.java:[400,38] cannot find symbol
[[1;31mERROR[m]   symbol:   method goToAddRoleAnonymousPage(custom_classes.UserRoles)
[[1;31mERROR[m]   location: variable classUnderTestApogen0 of type main.ClassUnderTestApogen
[[1;31mERROR[m] /home/ubuntu/workspace/fse2019/pagekit/src/main/java/main/ClassUnderTestApogen_ESTest.java:[402,38] cannot find symbol
[[1;31mERROR[m]   symbol:   method addRoleAddRolePage()
[[1;31mERROR[m]   location: variable classUnderTestApogen0 of type main.ClassUnderTestApogen
[[1;31mERROR[m] /home/ubuntu/workspace/fse2019/pagekit/src/main/java/main/ClassUnderTestApogen_ESTest.java:[404,38] cannot find symbol
[[1;31mERROR[m]   symbol:   method goToAdministratorAnonymousPage()
[[1;31mERROR[m]   location: variable classUnderTestApogen0 of type main.ClassUnderTestApogen
[[1;31mERROR[m] /home/ubuntu/workspace/fse2019/pagekit/src/main/java/main/ClassUnderTestApogen_ESTest.java:[406,38] cannot find symbol
[[1;31mERROR[m]   symbol:   method goToAnonymousAdministratorPage()
[[1;31mERROR[m]   location: variable classUnderTestApogen0 of type main.ClassUnderTestApogen
[[1;31mERROR[m] /home/ubuntu/workspace/fse2019/pagekit/src/main/java/main/ClassUnderTestApogen_ESTest.java:[408,38] cannot find symbol
[[1;31mERROR[m]   symbol:   method deleteUserRoleAnonymousPage(custom_classes.UserRoles)
[[1;31mERROR[m]   location: variable classUnderTestApogen0 of type main.ClassUnderTestApogen
[[1;31mERROR[m] /home/ubuntu/workspace/fse2019/pagekit/src/main/java/main/ClassUnderTestApogen_ESTest.java:[410,38] cannot find symbol
[[1;31mERROR[m]   symbol:   method deleteRoleDeleteRolePage()
[[1;31mERROR[m]   location: variable classUnderTestApogen0 of type main.ClassUnderTestApogen
[[1;31mERROR[m] /home/ubuntu/workspace/fse2019/pagekit/src/main/java/main/ClassUnderTestApogen_ESTest.java:[412,38] cannot find symbol
[[1;31mERROR[m]   symbol:   method goToHomeAnonymousPage()
[[1;31mERROR[m]   location: variable classUnderTestApogen0 of type main.ClassUnderTestApogen
[[1;31mERROR[m] /home/ubuntu/workspace/fse2019/pagekit/src/main/java/main/ClassUnderTestApogen_ESTest.java:[414,38] cannot find symbol
[[1;31mERROR[m]   symbol:   method goToDashBoardMenuDashboardPage()
[[1;31mERROR[m]   location: variable classUnderTestApogen0 of type main.ClassUnderTestApogen
[[1;31mERROR[m] /home/ubuntu/workspace/fse2019/pagekit/src/main/java/main/ClassUnderTestApogen_ESTest.java:[416,38] cannot find symbol
[[1;31mERROR[m]   symbol:   method goToUsersDashBoardMenuPage()
[[1;31mERROR[m]   location: variable classUnderTestApogen0 of type main.ClassUnderTestApogen
[[1;31mERROR[m] /home/ubuntu/workspace/fse2019/pagekit/src/main/java/main/ClassUnderTestApogen_ESTest.java:[418,38] cannot find symbol
[[1;31mERROR[m]   symbol:   method goToPermissionsUsersPage()
[[1;31mERROR[m]   location: variable classUnderTestApogen0 of type main.ClassUnderTestApogen
[[1;31mERROR[m] /home/ubuntu/workspace/fse2019/pagekit/src/main/java/main/ClassUnderTestApogen_ESTest.java:[438,38] cannot find symbol
[[1;31mERROR[m]   symbol:   method goToEditComponentLocationDashboardPage(custom_classes.Id)
[[1;31mERROR[m]   location: variable classUnderTestApogen0 of type main.ClassUnderTestApogen
[[1;31mERROR[m] /home/ubuntu/workspace/fse2019/pagekit/src/main/java/main/ClassUnderTestApogen_ESTest.java:[443,33] cannot find symbol
[[1;31mERROR[m]   symbol:   method formEditLocationPage(custom_classes.WidgetLocation,custom_classes.WidgetUnit)
[[1;31mERROR[m]   location: variable classUnderTestApogen0 of type main.ClassUnderTestApogen
[[1;31mERROR[m] /home/ubuntu/workspace/fse2019/pagekit/src/main/java/main/ClassUnderTestApogen_ESTest.java:[477,38] cannot find symbol
[[1;31mERROR[m]   symbol:   method goToEditRegisteredUserDashboardPage(custom_classes.Id)
[[1;31mERROR[m]   location: variable classUnderTestApogen0 of type main.ClassUnderTestApogen
[[1;31mERROR[m] /home/ubuntu/workspace/fse2019/pagekit/src/main/java/main/ClassUnderTestApogen_ESTest.java:[483,38] cannot find symbol
[[1;31mERROR[m]   symbol:   method formEditRegisteredUserPage(custom_classes.WidgetUserType,custom_classes.WidgetUserDisplay,custom_classes.WidgetTotalUser,custom_classes.WidgetNumberOfUsers)
[[1;31mERROR[m]   location: variable classUnderTestApogen0 of type main.ClassUnderTestApogen
[[1;31mERROR[m] /home/ubuntu/workspace/fse2019/pagekit/src/main/java/main/ClassUnderTestApogen_ESTest.java:[486,38] cannot find symbol
[[1;31mERROR[m]   symbol:   method goToDashBoardMenuDashboardPage()
[[1;31mERROR[m]   location: variable classUnderTestApogen0 of type main.ClassUnderTestApogen
[[1;31mERROR[m] /home/ubuntu/workspace/fse2019/pagekit/src/main/java/main/ClassUnderTestApogen_ESTest.java:[488,38] cannot find symbol
[[1;31mERROR[m]   symbol:   method goToDashboardDashBoardMenuPage()
[[1;31mERROR[m]   location: variable classUnderTestApogen0 of type main.ClassUnderTestApogen
[[1;31mERROR[m] /home/ubuntu/workspace/fse2019/pagekit/src/main/java/main/ClassUnderTestApogen_ESTest.java:[490,38] cannot find symbol
[[1;31mERROR[m]   symbol:   method goToDashBoardMenuDashboardPage()
[[1;31mERROR[m]   location: variable classUnderTestApogen0 of type main.ClassUnderTestApogen
[[1;31mERROR[m] /home/ubuntu/workspace/fse2019/pagekit/src/main/java/main/ClassUnderTestApogen_ESTest.java:[492,38] cannot find symbol
[[1;31mERROR[m]   symbol:   method goToUsersDashBoardMenuPage()
[[1;31mERROR[m]   location: variable classUnderTestApogen0 of type main.ClassUnderTestApogen
[[1;31mERROR[m] -> [1m[Help 1][m
[[1;31mERROR[m] 
[[1;31mERROR[m] To see the full stack trace of the errors, re-run Maven with the [1m-e[m switch.
[[1;31mERROR[m] Re-run Maven using the [1m-X[m switch to enable full debug logging.
[[1;31mERROR[m] 
[[1;31mERROR[m] For more information about the errors and possible solutions, please read the following articles:
[[1;31mERROR[m] [1m[Help 1][m http://cwiki.apache.org/confluence/display/MAVEN/MojoFailureException
